-------------------------------------------------------------------------------
Test set: com.sagar.Junit5Maven.CalculatorTest
-------------------------------------------------------------------------------
Tests run: 1, Failures: 1, Errors: 0, Skipped: 0, Time elapsed: 0.001 s <<< FAILURE! - in com.sagar.Junit5Maven.CalculatorTest
testAdd  Time elapsed: 0 s  <<< FAILURE!
org.opentest4j.AssertionFailedError: Not yet implemented
	at com.sagar.Junit5Maven.CalculatorTest.testAdd(CalculatorTest.java:11)

