-------------------------------------------------------------------------------
Test set: com.sagar.Junit5Maven.AppTest
-------------------------------------------------------------------------------
Tests run: 1, Failures: 1, Errors: 0, Skipped: 0, Time elapsed: 0.038 s <<< FAILURE! - in com.sagar.Junit5Maven.AppTest
test  Time elapsed: 0.03 s  <<< FAILURE!
org.opentest4j.AssertionFailedError: Not yet implemented
	at com.sagar.Junit5Maven.AppTest.test(AppTest.java:11)

