-------------------------------------------------------------------------------
Test set: com.sagar.Junit5Maven.DemoTest
-------------------------------------------------------------------------------
Tests run: 1, Failures: 1, Errors: 0, Skipped: 0, Time elapsed: 0 s <<< FAILURE! - in com.sagar.Junit5Maven.DemoTest
test  Time elapsed: 0 s  <<< FAILURE!
org.opentest4j.AssertionFailedError: Not yet implemented
	at com.sagar.Junit5Maven.DemoTest.test(DemoTest.java:11)

